Using pre-set license
Built from '2022.3/staging' branch; Version is '2022.3.10f1 (ff3792e53c62) revision 16725906'; Using compiler version '192829333'; Build Type 'Release'
OS: 'Windows 11  (10.0.22621) 64bit Professional' Language: 'en' Physical Memory: 32637 MB
BatchMode: 1, IsHumanControllingUs: 0, StartBugReporterOnCrash: 0, Is64bit: 1, IsPro: 1

COMMAND LINE ARGUMENTS:
E:\Hub\Editor\2022.3.10f1\Editor\Unity.exe
-adb2
-batchMode
-noUpm
-name
AssetImportWorker0
-projectPath
E:/Projects/timeEscape
-logFile
Logs/AssetImportWorker0.log
-srvPort
60092
Successfully changed project path to: E:/Projects/timeEscape
E:/Projects/timeEscape
[UnityMemory] Configuration Parameters - Can be set up in boot.config
    "memorysetup-bucket-allocator-granularity=16"
    "memorysetup-bucket-allocator-bucket-count=8"
    "memorysetup-bucket-allocator-block-size=33554432"
    "memorysetup-bucket-allocator-block-count=8"
    "memorysetup-main-allocator-block-size=16777216"
    "memorysetup-thread-allocator-block-size=16777216"
    "memorysetup-gfx-main-allocator-block-size=16777216"
    "memorysetup-gfx-thread-allocator-block-size=16777216"
    "memorysetup-cache-allocator-block-size=4194304"
    "memorysetup-typetree-allocator-block-size=2097152"
    "memorysetup-profiler-bucket-allocator-granularity=16"
    "memorysetup-profiler-bucket-allocator-bucket-count=8"
    "memorysetup-profiler-bucket-allocator-block-size=33554432"
    "memorysetup-profiler-bucket-allocator-block-count=8"
    "memorysetup-profiler-allocator-block-size=16777216"
    "memorysetup-profiler-editor-allocator-block-size=1048576"
    "memorysetup-temp-allocator-size-main=16777216"
    "memorysetup-job-temp-allocator-block-size=2097152"
    "memorysetup-job-temp-allocator-block-size-background=1048576"
    "memorysetup-job-temp-allocator-reduction-small-platforms=262144"
    "memorysetup-allocator-temp-initial-block-size-main=262144"
    "memorysetup-allocator-temp-initial-block-size-worker=262144"
    "memorysetup-temp-allocator-size-background-worker=32768"
    "memorysetup-temp-allocator-size-job-worker=262144"
    "memorysetup-temp-allocator-size-preload-manager=33554432"
    "memorysetup-temp-allocator-size-nav-mesh-worker=65536"
    "memorysetup-temp-allocator-size-audio-worker=65536"
    "memorysetup-temp-allocator-size-cloud-worker=32768"
    "memorysetup-temp-allocator-size-gi-baking-worker=262144"
    "memorysetup-temp-allocator-size-gfx=262144"
Player connection [23004] Host "[IP] 192.168.100.56 [Port] 0 [Flags] 2 [Guid] 2659195748 [EditorId] 2659195748 [Version] 1048832 [Id] WindowsEditor(7,Fahim) [Debug] 1 [PackageName] WindowsEditor [ProjectName] Editor" joined multi-casting on [225.0.0.222:54997]...

Player connection [23004] Host "[IP] 192.168.100.56 [Port] 0 [Flags] 2 [Guid] 2659195748 [EditorId] 2659195748 [Version] 1048832 [Id] WindowsEditor(7,Fahim) [Debug] 1 [PackageName] WindowsEditor [ProjectName] Editor" joined alternative multi-casting on [225.0.0.222:34997]...

[Physics::Module] Initialized MultithreadedJobDispatcher with 11 workers.
Refreshing native plugins compatible for Editor in 6.78 ms, found 3 plugins.
Preloading 0 native plugins for Editor in 0.00 ms.
Initialize engine version: 2022.3.10f1 (ff3792e53c62)
[Subsystems] Discovering subsystems at path E:/Hub/Editor/2022.3.10f1/Editor/Data/Resources/UnitySubsystems
[Subsystems] Discovering subsystems at path E:/Projects/timeEscape/Assets
GfxDevice: creating device client; threaded=0; jobified=0
Direct3D:
    Version:  Direct3D 11.0 [level 11.1]
    Renderer: NVIDIA GeForce GTX 1070 Ti (ID=0x1b82)
    Vendor:   NVIDIA
    VRAM:     8073 MB
    Driver:   31.0.15.4633
Initialize mono
Mono path[0] = 'E:/Hub/Editor/2022.3.10f1/Editor/Data/Managed'
Mono path[1] = 'E:/Hub/Editor/2022.3.10f1/Editor/Data/MonoBleedingEdge/lib/mono/unityjit-win32'
Mono config path = 'E:/Hub/Editor/2022.3.10f1/Editor/Data/MonoBleedingEdge/etc'
Using monoOptions --debugger-agent=transport=dt_socket,embedding=1,server=y,suspend=n,address=127.0.0.1:56500
Begin MonoManager ReloadAssembly
Registering precompiled unity dll's ...
Register platform support module: E:/Hub/Editor/2022.3.10f1/Editor/Data/PlaybackEngines/WebGLSupport/UnityEditor.WebGL.Extensions.dll
Register platform support module: E:/Hub/Editor/2022.3.10f1/Editor/Data/PlaybackEngines/WindowsStandaloneSupport/UnityEditor.WindowsStandalone.Extensions.dll
Registered in 0.004058 seconds.
- Loaded All Assemblies, in  0.345 seconds
Native extension for WindowsStandalone target not found
Native extension for WebGL target not found
Mono: successfully reloaded assembly
- Finished resetting the current domain, in  0.264 seconds
Domain Reload Profiling: 608ms
	BeginReloadAssembly (105ms)
		ExecutionOrderSort (0ms)
		DisableScriptedObjects (0ms)
		BackupInstance (0ms)
		ReleaseScriptingObjects (0ms)
		CreateAndSetChildDomain (1ms)
	RebuildCommonClasses (33ms)
	RebuildNativeTypeToScriptingClass (11ms)
	initialDomainReloadingComplete (49ms)
	LoadAllAssembliesAndSetupDomain (146ms)
		LoadAssemblies (105ms)
		RebuildTransferFunctionScriptingTraits (0ms)
		AnalyzeDomain (144ms)
			TypeCache.Refresh (142ms)
				TypeCache.ScanAssembly (131ms)
			ScanForSourceGeneratedMonoScriptInfo (0ms)
			ResolveRequiredComponents (1ms)
	FinalizeReload (264ms)
		ReleaseScriptCaches (0ms)
		RebuildScriptCaches (0ms)
		SetupLoadedEditorAssemblies (204ms)
			LogAssemblyErrors (0ms)
			InitializePlatformSupportModulesInManaged (8ms)
			SetLoadedEditorAssemblies (6ms)
			RefreshPlugins (0ms)
			BeforeProcessingInitializeOnLoad (2ms)
			ProcessInitializeOnLoadAttributes (136ms)
			ProcessInitializeOnLoadMethodAttributes (52ms)
			AfterProcessingInitializeOnLoad (0ms)
			EditorAssembliesLoaded (0ms)
		ExecutionOrderSort2 (0ms)
		AwakeInstancesAfterBackupRestoration (0ms)
========================================================================
Worker process is ready to serve import requests
Begin MonoManager ReloadAssembly
- Loaded All Assemblies, in  0.598 seconds
Refreshing native plugins compatible for Editor in 1.62 ms, found 3 plugins.
Native extension for WindowsStandalone target not found
Native extension for WebGL target not found
Package Manager log level set to [2]
[Package Manager] Server::EnsureServerProcessIsRunning -- launch failed, reason: Unity was launched with the -noUpm command-line argument
[Package Manager] UpmClient::Send -- Unable to send message (not connected to UPM process).
[Package Manager] Cannot connect to Unity Package Manager local server
Mono: successfully reloaded assembly
- Finished resetting the current domain, in  0.747 seconds
Domain Reload Profiling: 1345ms
	BeginReloadAssembly (154ms)
		ExecutionOrderSort (0ms)
		DisableScriptedObjects (5ms)
		BackupInstance (0ms)
		ReleaseScriptingObjects (0ms)
		CreateAndSetChildDomain (25ms)
	RebuildCommonClasses (34ms)
	RebuildNativeTypeToScriptingClass (11ms)
	initialDomainReloadingComplete (40ms)
	LoadAllAssembliesAndSetupDomain (359ms)
		LoadAssemblies (275ms)
		RebuildTransferFunctionScriptingTraits (0ms)
		AnalyzeDomain (174ms)
			TypeCache.Refresh (154ms)
				TypeCache.ScanAssembly (138ms)
			ScanForSourceGeneratedMonoScriptInfo (15ms)
			ResolveRequiredComponents (4ms)
	FinalizeReload (747ms)
		ReleaseScriptCaches (0ms)
		RebuildScriptCaches (0ms)
		SetupLoadedEditorAssemblies (589ms)
			LogAssemblyErrors (0ms)
			InitializePlatformSupportModulesInManaged (5ms)
			SetLoadedEditorAssemblies (4ms)
			RefreshPlugins (0ms)
			BeforeProcessingInitializeOnLoad (58ms)
			ProcessInitializeOnLoadAttributes (497ms)
			ProcessInitializeOnLoadMethodAttributes (23ms)
			AfterProcessingInitializeOnLoad (2ms)
			EditorAssembliesLoaded (0ms)
		ExecutionOrderSort2 (0ms)
		AwakeInstancesAfterBackupRestoration (8ms)
Launched and connected shader compiler UnityShaderCompiler.exe after 0.05 seconds
Refreshing native plugins compatible for Editor in 2.35 ms, found 3 plugins.
Preloading 0 native plugins for Editor in 0.00 ms.
Unloading 3228 Unused Serialized files (Serialized files now loaded: 0)
Unloading 31 unused Assets / (57.8 KB). Loaded Objects now: 3740.
Memory consumption went from 239.8 MB to 239.7 MB.
Total: 4.190500 ms (FindLiveObjects: 0.285200 ms CreateObjectMapping: 0.221500 ms MarkObjects: 3.548900 ms  DeleteObjects: 0.133700 ms)

AssetImportParameters requested are different than current active one (requested -> active):
  custom:container-demuxer-ogg: 62fdf1f143b41e24485cea50d1cbac27 -> 
  custom:video-codec-MediaFoundation-h265: 746d11721c4dcdbdad8f713fa42b33f4 -> 
  custom:video-decoder-ogg-theora: a1e56fd34408186e4bbccfd4996cb3dc -> 
  custom:framework-win-MediaFoundation: 216162199b28c13a410421893ffa2e32 -> 
  custom:CustomObjectIndexerAttribute: 756ad292c208cfabdd7b50bc23989ffe -> 
  custom:container-demuxer-webm: 4f35f7cbe854078d1ac9338744f61a02 -> 
  custom:container-muxer-webm: aa71ff27fc2769a1b78a27578f13a17b -> 
  custom:video-decoder-webm-vp8: 9c59270c3fd7afecdb556c50c9e8de78 -> 
  custom:SearchIndexIgnoredProperties: e643bd26f0fe6173181afceb89e7c659 -> 
  custom:AudioImporter_EditorPlatform: d09bf68614088b80899f8185d706f6e7 -> 
  custom:video-encoder-webm-vp8: eb34c28f22e8b96e1ab97ce403110664 -> 
  custom:audio-decoder-ogg-vorbis: bf7c407c2cedff20999df2af8eb42d56 -> 
  custom:audio-encoder-webm-vorbis: bf7c407c2cedff20999df2af8eb42d56 -> 
========================================================================
Received Import Request.
  Time since last request: 46584.015921 seconds.
  path: Assets/Pirates Island/Standard Assets/Character Controllers/Sources/PrototypeCharacter/Constructor.FBX
  artifactKey: Guid(449b48f7eb5d87a4baaa5fb73f875a59) Importer(815301076,1909f56bfc062723c751e8b465ee728b)
Start importing Assets/Pirates Island/Standard Assets/Character Controllers/Sources/PrototypeCharacter/Constructor.FBX using Guid(449b48f7eb5d87a4baaa5fb73f875a59) Importer(815301076,1909f56bfc062723c751e8b465ee728b)  -> (artifact id: 'dfb8c5713e985ee1e6fd5c6852123a56') in 0.301531 seconds
Number of updated asset objects reloaded before import = 0
Number of asset objects unloaded after import = 131
========================================================================
Received Import Request.
  Time since last request: 3.716610 seconds.
  path: Assets/Pirates Island/_origin/Models/House10_LOD2.fbx
  artifactKey: Guid(3caf519c9cfbddc4d9ca9d39da736971) Importer(815301076,1909f56bfc062723c751e8b465ee728b)
Start importing Assets/Pirates Island/_origin/Models/House10_LOD2.fbx using Guid(3caf519c9cfbddc4d9ca9d39da736971) Importer(815301076,1909f56bfc062723c751e8b465ee728b)  -> (artifact id: 'c9a04c827df74e28fb998533372ebfdd') in 0.064068 seconds
Number of updated asset objects reloaded before import = 0
Number of asset objects unloaded after import = 34
========================================================================
Received Import Request.
  Time since last request: 0.349212 seconds.
  path: Assets/Pirates Island/_origin/Models/House10_LOD1.fbx
  artifactKey: Guid(85dd861b7d43d834095737bc14f06896) Importer(815301076,1909f56bfc062723c751e8b465ee728b)
Start importing Assets/Pirates Island/_origin/Models/House10_LOD1.fbx using Guid(85dd861b7d43d834095737bc14f06896) Importer(815301076,1909f56bfc062723c751e8b465ee728b)  -> (artifact id: '3642adbdf1215c09b31cab7a4d4b71ea') in 0.058317 seconds
Number of updated asset objects reloaded before import = 0
Number of asset objects unloaded after import = 34
========================================================================
Received Import Request.
  Time since last request: 0.195455 seconds.
  path: Assets/Pirates Island/Standard Assets/Water (Pro Only)/Sources/Objects/Water Plane.fbx
  artifactKey: Guid(ba6a41dc489914734857bb5924eb70ad) Importer(815301076,1909f56bfc062723c751e8b465ee728b)
Start importing Assets/Pirates Island/Standard Assets/Water (Pro Only)/Sources/Objects/Water Plane.fbx using Guid(ba6a41dc489914734857bb5924eb70ad) Importer(815301076,1909f56bfc062723c751e8b465ee728b)  -> (artifact id: '0edad848a796cba46376d4988f4ff032') in 0.111998 seconds
Number of updated asset objects reloaded before import = 0
Number of asset objects unloaded after import = 9
========================================================================
Received Import Request.
  Time since last request: 21.950759 seconds.
  path: Assets/Waterfall/Models/Materials/15 - Default.mat
  artifactKey: Guid(e3cc6c8ceb549fb42b9bdc0c9574d17e) Importer(815301076,1909f56bfc062723c751e8b465ee728b)
Start importing Assets/Waterfall/Models/Materials/15 - Default.mat using Guid(e3cc6c8ceb549fb42b9bdc0c9574d17e) Importer(815301076,1909f56bfc062723c751e8b465ee728b)  -> (artifact id: '55d9d28a89c05e5e321b26d5d0e37913') in 0.023771 seconds
Number of updated asset objects reloaded before import = 0
Number of asset objects unloaded after import = 1
========================================================================
Received Import Request.
  Time since last request: 0.034960 seconds.
  path: Assets/TextMesh Pro/Examples & Extras/Resources/Fonts & Materials/Anton SDF - Drop Shadow.mat
  artifactKey: Guid(749b9069dc4742c5bfa5c74644049926) Importer(815301076,1909f56bfc062723c751e8b465ee728b)
Start importing Assets/TextMesh Pro/Examples & Extras/Resources/Fonts & Materials/Anton SDF - Drop Shadow.mat using Guid(749b9069dc4742c5bfa5c74644049926) Importer(815301076,1909f56bfc062723c751e8b465ee728b)  -> (artifact id: 'adac4150b83544ca90ae15e6a24b8519') in 0.075966 seconds
Number of updated asset objects reloaded before import = 0
Number of asset objects unloaded after import = 2
========================================================================
Received Import Request.
  Time since last request: 0.000022 seconds.
  path: Assets/TextMesh Pro/Examples & Extras/Resources/Fonts & Materials/Anton SDF - Outline.mat
  artifactKey: Guid(a00013af81304728b2be1f4309ee2433) Importer(815301076,1909f56bfc062723c751e8b465ee728b)
Start importing Assets/TextMesh Pro/Examples & Extras/Resources/Fonts & Materials/Anton SDF - Outline.mat using Guid(a00013af81304728b2be1f4309ee2433) Importer(815301076,1909f56bfc062723c751e8b465ee728b)  -> (artifact id: '7b0e39d82e7cc7079b1ee1faec284401') in 0.057433 seconds
Number of updated asset objects reloaded before import = 0
Number of asset objects unloaded after import = 2
========================================================================
Received Import Request.
  Time since last request: 0.000033 seconds.
  path: Assets/Pirates Island/_origin/Models/Materials/Atlas1.mat
  artifactKey: Guid(548fafa108b3aa04a8a3da2eafe6e580) Importer(815301076,1909f56bfc062723c751e8b465ee728b)
Start importing Assets/Pirates Island/_origin/Models/Materials/Atlas1.mat using Guid(548fafa108b3aa04a8a3da2eafe6e580) Importer(815301076,1909f56bfc062723c751e8b465ee728b)  -> (artifact id: '477c9e347e6b5dfdc69771ae86bad11e') in 0.017713 seconds
Number of updated asset objects reloaded before import = 0
Number of asset objects unloaded after import = 2
========================================================================
Received Import Request.
  Time since last request: 1.397548 seconds.
  path: Assets/Pirates Island/_origin/Materials Textures/Atlas1_transparency.mat
  artifactKey: Guid(1f369874cacc3b644a4a8e3d79d7a531) Importer(815301076,1909f56bfc062723c751e8b465ee728b)
Start importing Assets/Pirates Island/_origin/Materials Textures/Atlas1_transparency.mat using Guid(1f369874cacc3b644a4a8e3d79d7a531) Importer(815301076,1909f56bfc062723c751e8b465ee728b)  -> (artifact id: '0eafa2b8df11ecedc3b9b4d77804ba39') in 0.070471 seconds
Number of updated asset objects reloaded before import = 0
Number of asset objects unloaded after import = 3
========================================================================
Received Import Request.
  Time since last request: 2.768661 seconds.
  path: Assets/TextMesh Pro/Examples & Extras/Resources/Fonts & Materials/Bangers SDF - Outline.mat
  artifactKey: Guid(f629c6e43dba4bf38cb74d8860150664) Importer(815301076,1909f56bfc062723c751e8b465ee728b)
Start importing Assets/TextMesh Pro/Examples & Extras/Resources/Fonts & Materials/Bangers SDF - Outline.mat using Guid(f629c6e43dba4bf38cb74d8860150664) Importer(815301076,1909f56bfc062723c751e8b465ee728b)  -> (artifact id: 'd0860774756e1be1711cfcabcf478247') in 0.007872 seconds
Number of updated asset objects reloaded before import = 0
Number of asset objects unloaded after import = 2
========================================================================
Received Import Request.
  Time since last request: 0.675641 seconds.
  path: Assets/TextMesh Pro/Examples & Extras/Resources/Fonts & Materials/Bangers SDF Logo.mat
  artifactKey: Guid(f4e195ac1e204eff960149d1cb34e18c) Importer(815301076,1909f56bfc062723c751e8b465ee728b)
Start importing Assets/TextMesh Pro/Examples & Extras/Resources/Fonts & Materials/Bangers SDF Logo.mat using Guid(f4e195ac1e204eff960149d1cb34e18c) Importer(815301076,1909f56bfc062723c751e8b465ee728b)  -> (artifact id: '0279cc509ed30c4c1fbd4aece197bbff') in 0.271704 seconds
Number of updated asset objects reloaded before import = 0
Number of asset objects unloaded after import = 4
========================================================================
Received Import Request.
  Time since last request: 0.393222 seconds.
  path: Assets/Pirates Island/Nature/_Material Textures/Bark3.mat
  artifactKey: Guid(9c44c52577421df4b8d73ddceb222a5e) Importer(815301076,1909f56bfc062723c751e8b465ee728b)
Start importing Assets/Pirates Island/Nature/_Material Textures/Bark3.mat using Guid(9c44c52577421df4b8d73ddceb222a5e) Importer(815301076,1909f56bfc062723c751e8b465ee728b)  -> (artifact id: 'd383d4f280aa64aaf7909c264937fa68') in 0.242110 seconds
Number of updated asset objects reloaded before import = 0
Number of asset objects unloaded after import = 3
========================================================================
Received Import Request.
  Time since last request: 0.223574 seconds.
  path: Assets/Pirates Island/Nature/_Material Textures/Branch3.mat
  artifactKey: Guid(c6674c21820f3a84e848c35ef1b6117e) Importer(815301076,1909f56bfc062723c751e8b465ee728b)
Start importing Assets/Pirates Island/Nature/_Material Textures/Branch3.mat using Guid(c6674c21820f3a84e848c35ef1b6117e) Importer(815301076,1909f56bfc062723c751e8b465ee728b)  -> (artifact id: 'efea04cb15d50cedd5a7fb33658245c1') in 0.184966 seconds
Number of updated asset objects reloaded before import = 0
Number of asset objects unloaded after import = 5
========================================================================
Received Import Request.
  Time since last request: 3.842274 seconds.
  path: Assets/Pirates Island/Nature/_Material Textures/Branch5.mat
  artifactKey: Guid(648d1deb805562a43906d47f582a7798) Importer(815301076,1909f56bfc062723c751e8b465ee728b)
Start importing Assets/Pirates Island/Nature/_Material Textures/Branch5.mat using Guid(648d1deb805562a43906d47f582a7798) Importer(815301076,1909f56bfc062723c751e8b465ee728b)  -> (artifact id: 'd1a773bc8f7dda4bd1691ac0af780ef3') in 0.016097 seconds
Number of updated asset objects reloaded before import = 0
Number of asset objects unloaded after import = 5
========================================================================
Received Import Request.
  Time since last request: 0.214177 seconds.
  path: Assets/Pirates Island/Nature/_Material Textures/Branch6B.mat
  artifactKey: Guid(daaa4318dd8c29f4588121b671c46d3b) Importer(815301076,1909f56bfc062723c751e8b465ee728b)
Start importing Assets/Pirates Island/Nature/_Material Textures/Branch6B.mat using Guid(daaa4318dd8c29f4588121b671c46d3b) Importer(815301076,1909f56bfc062723c751e8b465ee728b)  -> (artifact id: 'a1969249c8ab900e66f55bf16f6bfd32') in 0.016014 seconds
Number of updated asset objects reloaded before import = 0
Number of asset objects unloaded after import = 5
========================================================================
Received Import Request.
  Time since last request: 0.046927 seconds.
  path: Assets/Pirates Island/Nature/_Material Textures/Branch8.mat
  artifactKey: Guid(6bf0e4bae217f254d86eb6b79c1124c4) Importer(815301076,1909f56bfc062723c751e8b465ee728b)
Start importing Assets/Pirates Island/Nature/_Material Textures/Branch8.mat using Guid(6bf0e4bae217f254d86eb6b79c1124c4) Importer(815301076,1909f56bfc062723c751e8b465ee728b)  -> (artifact id: '566be68e42dcf2fbc7bae4991fbe0a1c') in 0.014235 seconds
Number of updated asset objects reloaded before import = 0
Number of asset objects unloaded after import = 5
========================================================================
Received Import Request.
  Time since last request: 0.439609 seconds.
  path: Assets/Pirates Island/_origin/Particles/Materials_Textures/Butterfly2.mat
  artifactKey: Guid(51c8ccd4ee1e4b04bb3f937ffda2a8c5) Importer(815301076,1909f56bfc062723c751e8b465ee728b)
Start importing Assets/Pirates Island/_origin/Particles/Materials_Textures/Butterfly2.mat using Guid(51c8ccd4ee1e4b04bb3f937ffda2a8c5) Importer(815301076,1909f56bfc062723c751e8b465ee728b)  -> (artifact id: 'c89f1d0910c7b32f332cfb6f16903bee') in 0.012998 seconds
Number of updated asset objects reloaded before import = 0
Number of asset objects unloaded after import = 2
========================================================================
Received Import Request.
  Time since last request: 0.040219 seconds.
  path: Assets/Pirates Island/_origin/Materials Textures/Cliffs1A.mat
  artifactKey: Guid(5141b2d35338cb94cbc9ada52d95d896) Importer(815301076,1909f56bfc062723c751e8b465ee728b)
Start importing Assets/Pirates Island/_origin/Materials Textures/Cliffs1A.mat using Guid(5141b2d35338cb94cbc9ada52d95d896) Importer(815301076,1909f56bfc062723c751e8b465ee728b)  -> (artifact id: 'c3034f71b8638c100ffce9825c0919b9') in 0.030009 seconds
Number of updated asset objects reloaded before import = 0
Number of asset objects unloaded after import = 5
========================================================================
Received Import Request.
  Time since last request: 0.225471 seconds.
  path: Assets/Pirates Island/_origin/Models/Materials/Cliffs2.mat
  artifactKey: Guid(aa074473ce2927549a7d2f46d6deacad) Importer(815301076,1909f56bfc062723c751e8b465ee728b)
Start importing Assets/Pirates Island/_origin/Models/Materials/Cliffs2.mat using Guid(aa074473ce2927549a7d2f46d6deacad) Importer(815301076,1909f56bfc062723c751e8b465ee728b)  -> (artifact id: 'fe30fdeaaaa7bf1f4ae1f5b29bcf1baa') in 0.015673 seconds
Number of updated asset objects reloaded before import = 0
Number of asset objects unloaded after import = 2
========================================================================
Received Import Request.
  Time since last request: 0.066167 seconds.
  path: Assets/TextMesh Pro/Examples & Extras/Materials/Crate - Surface Shader Scene.mat
  artifactKey: Guid(e6b9b44320f4448d9d5e0ee634259966) Importer(815301076,1909f56bfc062723c751e8b465ee728b)
Start importing Assets/TextMesh Pro/Examples & Extras/Materials/Crate - Surface Shader Scene.mat using Guid(e6b9b44320f4448d9d5e0ee634259966) Importer(815301076,1909f56bfc062723c751e8b465ee728b)  -> (artifact id: 'fffcd38ff2087a5441c42bce2f839441') in 0.176152 seconds
Number of updated asset objects reloaded before import = 0
Number of asset objects unloaded after import = 3
========================================================================
Received Import Request.
  Time since last request: 2.236929 seconds.
  path: Assets/Pirates Island/_origin/Materials Textures/Fence1.mat
  artifactKey: Guid(7a954deb0e2a7c34e9cb42262d687d78) Importer(815301076,1909f56bfc062723c751e8b465ee728b)
Start importing Assets/Pirates Island/_origin/Materials Textures/Fence1.mat using Guid(7a954deb0e2a7c34e9cb42262d687d78) Importer(815301076,1909f56bfc062723c751e8b465ee728b)  -> (artifact id: '8d11a26a045945b48171dfb4ae7fe18a') in 0.016196 seconds
Number of updated asset objects reloaded before import = 0
Number of asset objects unloaded after import = 3
Editor requested this worker to shutdown with reason: Scaling down because of idle timeout
TcpMessagingSession - receive error: operation aborted. errorcode: 995, details: The I/O operation has been aborted because of either a thread exit or an application request.
AssetImportWorker is now disconnected from the server
Process exiting
Exiting without the bug reporter. Application will terminate with return code 0