Using pre-set license
Built from '2022.3/staging' branch; Version is '2022.3.10f1 (ff3792e53c62) revision 16725906'; Using compiler version '192829333'; Build Type 'Release'
OS: 'Windows 11  (10.0.22621) 64bit Professional' Language: 'en' Physical Memory: 32637 MB
BatchMode: 1, IsHumanControllingUs: 0, StartBugReporterOnCrash: 0, Is64bit: 1, IsPro: 1

COMMAND LINE ARGUMENTS:
E:\Hub\Editor\2022.3.10f1\Editor\Unity.exe
-adb2
-batchMode
-noUpm
-name
AssetImportWorker4
-projectPath
E:/Projects/timeEscape
-logFile
Logs/AssetImportWorker4.log
-srvPort
60092
Successfully changed project path to: E:/Projects/timeEscape
E:/Projects/timeEscape
[UnityMemory] Configuration Parameters - Can be set up in boot.config
    "memorysetup-bucket-allocator-granularity=16"
    "memorysetup-bucket-allocator-bucket-count=8"
    "memorysetup-bucket-allocator-block-size=33554432"
    "memorysetup-bucket-allocator-block-count=8"
    "memorysetup-main-allocator-block-size=16777216"
    "memorysetup-thread-allocator-block-size=16777216"
    "memorysetup-gfx-main-allocator-block-size=16777216"
    "memorysetup-gfx-thread-allocator-block-size=16777216"
    "memorysetup-cache-allocator-block-size=4194304"
    "memorysetup-typetree-allocator-block-size=2097152"
    "memorysetup-profiler-bucket-allocator-granularity=16"
    "memorysetup-profiler-bucket-allocator-bucket-count=8"
    "memorysetup-profiler-bucket-allocator-block-size=33554432"
    "memorysetup-profiler-bucket-allocator-block-count=8"
    "memorysetup-profiler-allocator-block-size=16777216"
    "memorysetup-profiler-editor-allocator-block-size=1048576"
    "memorysetup-temp-allocator-size-main=16777216"
    "memorysetup-job-temp-allocator-block-size=2097152"
    "memorysetup-job-temp-allocator-block-size-background=1048576"
    "memorysetup-job-temp-allocator-reduction-small-platforms=262144"
    "memorysetup-allocator-temp-initial-block-size-main=262144"
    "memorysetup-allocator-temp-initial-block-size-worker=262144"
    "memorysetup-temp-allocator-size-background-worker=32768"
    "memorysetup-temp-allocator-size-job-worker=262144"
    "memorysetup-temp-allocator-size-preload-manager=33554432"
    "memorysetup-temp-allocator-size-nav-mesh-worker=65536"
    "memorysetup-temp-allocator-size-audio-worker=65536"
    "memorysetup-temp-allocator-size-cloud-worker=32768"
    "memorysetup-temp-allocator-size-gi-baking-worker=262144"
    "memorysetup-temp-allocator-size-gfx=262144"
Player connection [8328] Host "[IP] 192.168.100.56 [Port] 0 [Flags] 2 [Guid] 347531389 [EditorId] 347531389 [Version] 1048832 [Id] WindowsEditor(7,Fahim) [Debug] 1 [PackageName] WindowsEditor [ProjectName] Editor" joined multi-casting on [225.0.0.222:54997]...

Player connection [8328] Host "[IP] 192.168.100.56 [Port] 0 [Flags] 2 [Guid] 347531389 [EditorId] 347531389 [Version] 1048832 [Id] WindowsEditor(7,Fahim) [Debug] 1 [PackageName] WindowsEditor [ProjectName] Editor" joined alternative multi-casting on [225.0.0.222:34997]...

[Physics::Module] Initialized MultithreadedJobDispatcher with 11 workers.
Refreshing native plugins compatible for Editor in 4.57 ms, found 3 plugins.
Preloading 0 native plugins for Editor in 0.00 ms.
Initialize engine version: 2022.3.10f1 (ff3792e53c62)
[Subsystems] Discovering subsystems at path E:/Hub/Editor/2022.3.10f1/Editor/Data/Resources/UnitySubsystems
[Subsystems] Discovering subsystems at path E:/Projects/timeEscape/Assets
GfxDevice: creating device client; threaded=0; jobified=0
Direct3D:
    Version:  Direct3D 11.0 [level 11.1]
    Renderer: NVIDIA GeForce GTX 1070 Ti (ID=0x1b82)
    Vendor:   NVIDIA
    VRAM:     8073 MB
    Driver:   31.0.15.4633
Initialize mono
Mono path[0] = 'E:/Hub/Editor/2022.3.10f1/Editor/Data/Managed'
Mono path[1] = 'E:/Hub/Editor/2022.3.10f1/Editor/Data/MonoBleedingEdge/lib/mono/unityjit-win32'
Mono config path = 'E:/Hub/Editor/2022.3.10f1/Editor/Data/MonoBleedingEdge/etc'
Using monoOptions --debugger-agent=transport=dt_socket,embedding=1,server=y,suspend=n,address=127.0.0.1:56968
Begin MonoManager ReloadAssembly
Registering precompiled unity dll's ...
Register platform support module: E:/Hub/Editor/2022.3.10f1/Editor/Data/PlaybackEngines/WebGLSupport/UnityEditor.WebGL.Extensions.dll
Register platform support module: E:/Hub/Editor/2022.3.10f1/Editor/Data/PlaybackEngines/WindowsStandaloneSupport/UnityEditor.WindowsStandalone.Extensions.dll
Registered in 0.002852 seconds.
- Loaded All Assemblies, in  0.289 seconds
Native extension for WindowsStandalone target not found
Native extension for WebGL target not found
Mono: successfully reloaded assembly
- Finished resetting the current domain, in  0.230 seconds
Domain Reload Profiling: 519ms
	BeginReloadAssembly (84ms)
		ExecutionOrderSort (0ms)
		DisableScriptedObjects (0ms)
		BackupInstance (0ms)
		ReleaseScriptingObjects (0ms)
		CreateAndSetChildDomain (1ms)
	RebuildCommonClasses (27ms)
	RebuildNativeTypeToScriptingClass (8ms)
	initialDomainReloadingComplete (40ms)
	LoadAllAssembliesAndSetupDomain (129ms)
		LoadAssemblies (83ms)
		RebuildTransferFunctionScriptingTraits (0ms)
		AnalyzeDomain (127ms)
			TypeCache.Refresh (125ms)
				TypeCache.ScanAssembly (111ms)
			ScanForSourceGeneratedMonoScriptInfo (1ms)
			ResolveRequiredComponents (1ms)
	FinalizeReload (231ms)
		ReleaseScriptCaches (0ms)
		RebuildScriptCaches (0ms)
		SetupLoadedEditorAssemblies (169ms)
			LogAssemblyErrors (0ms)
			InitializePlatformSupportModulesInManaged (7ms)
			SetLoadedEditorAssemblies (5ms)
			RefreshPlugins (0ms)
			BeforeProcessingInitializeOnLoad (2ms)
			ProcessInitializeOnLoadAttributes (113ms)
			ProcessInitializeOnLoadMethodAttributes (42ms)
			AfterProcessingInitializeOnLoad (0ms)
			EditorAssembliesLoaded (0ms)
		ExecutionOrderSort2 (0ms)
		AwakeInstancesAfterBackupRestoration (0ms)
========================================================================
Worker process is ready to serve import requests
Begin MonoManager ReloadAssembly
- Loaded All Assemblies, in  0.465 seconds
Refreshing native plugins compatible for Editor in 1.45 ms, found 3 plugins.
Native extension for WindowsStandalone target not found
Native extension for WebGL target not found
Package Manager log level set to [2]
[Package Manager] Server::EnsureServerProcessIsRunning -- launch failed, reason: Unity was launched with the -noUpm command-line argument
[Package Manager] UpmClient::Send -- Unable to send message (not connected to UPM process).
[Package Manager] Cannot connect to Unity Package Manager local server
Mono: successfully reloaded assembly
- Finished resetting the current domain, in  0.578 seconds
Domain Reload Profiling: 1043ms
	BeginReloadAssembly (117ms)
		ExecutionOrderSort (0ms)
		DisableScriptedObjects (5ms)
		BackupInstance (0ms)
		ReleaseScriptingObjects (0ms)
		CreateAndSetChildDomain (19ms)
	RebuildCommonClasses (29ms)
	RebuildNativeTypeToScriptingClass (9ms)
	initialDomainReloadingComplete (31ms)
	LoadAllAssembliesAndSetupDomain (280ms)
		LoadAssemblies (200ms)
		RebuildTransferFunctionScriptingTraits (0ms)
		AnalyzeDomain (146ms)
			TypeCache.Refresh (129ms)
				TypeCache.ScanAssembly (117ms)
			ScanForSourceGeneratedMonoScriptInfo (12ms)
			ResolveRequiredComponents (3ms)
	FinalizeReload (578ms)
		ReleaseScriptCaches (0ms)
		RebuildScriptCaches (0ms)
		SetupLoadedEditorAssemblies (457ms)
			LogAssemblyErrors (0ms)
			InitializePlatformSupportModulesInManaged (4ms)
			SetLoadedEditorAssemblies (4ms)
			RefreshPlugins (0ms)
			BeforeProcessingInitializeOnLoad (47ms)
			ProcessInitializeOnLoadAttributes (385ms)
			ProcessInitializeOnLoadMethodAttributes (16ms)
			AfterProcessingInitializeOnLoad (2ms)
			EditorAssembliesLoaded (0ms)
		ExecutionOrderSort2 (0ms)
		AwakeInstancesAfterBackupRestoration (5ms)
Launched and connected shader compiler UnityShaderCompiler.exe after 0.03 seconds
Refreshing native plugins compatible for Editor in 1.58 ms, found 3 plugins.
Preloading 0 native plugins for Editor in 0.00 ms.
Unloading 3228 Unused Serialized files (Serialized files now loaded: 0)
Unloading 31 unused Assets / (57.7 KB). Loaded Objects now: 3741.
Memory consumption went from 240.2 MB to 240.2 MB.
Total: 3.456600 ms (FindLiveObjects: 0.215500 ms CreateObjectMapping: 0.148700 ms MarkObjects: 2.965300 ms  DeleteObjects: 0.126400 ms)

AssetImportParameters requested are different than current active one (requested -> active):
  custom:container-demuxer-ogg: 62fdf1f143b41e24485cea50d1cbac27 -> 
  custom:video-codec-MediaFoundation-h265: 746d11721c4dcdbdad8f713fa42b33f4 -> 
  custom:video-decoder-ogg-theora: a1e56fd34408186e4bbccfd4996cb3dc -> 
  custom:framework-win-MediaFoundation: 216162199b28c13a410421893ffa2e32 -> 
  custom:CustomObjectIndexerAttribute: 756ad292c208cfabdd7b50bc23989ffe -> 
  custom:container-demuxer-webm: 4f35f7cbe854078d1ac9338744f61a02 -> 
  custom:container-muxer-webm: aa71ff27fc2769a1b78a27578f13a17b -> 
  custom:video-decoder-webm-vp8: 9c59270c3fd7afecdb556c50c9e8de78 -> 
  custom:SearchIndexIgnoredProperties: e643bd26f0fe6173181afceb89e7c659 -> 
  custom:AudioImporter_EditorPlatform: d09bf68614088b80899f8185d706f6e7 -> 
  custom:video-encoder-webm-vp8: eb34c28f22e8b96e1ab97ce403110664 -> 
  custom:audio-decoder-ogg-vorbis: bf7c407c2cedff20999df2af8eb42d56 -> 
  custom:audio-encoder-webm-vorbis: bf7c407c2cedff20999df2af8eb42d56 -> 
========================================================================
Received Import Request.
  Time since last request: 47049.808996 seconds.
  path: Assets/TextMesh Pro/Examples & Extras/Resources/Fonts & Materials/Roboto-Bold SDF - Drop Shadow.mat
  artifactKey: Guid(b246c4190f4e46ec9352fe15a7b09ce0) Importer(815301076,1909f56bfc062723c751e8b465ee728b)
Start importing Assets/TextMesh Pro/Examples & Extras/Resources/Fonts & Materials/Roboto-Bold SDF - Drop Shadow.mat using Guid(b246c4190f4e46ec9352fe15a7b09ce0) Importer(815301076,1909f56bfc062723c751e8b465ee728b)  -> (artifact id: 'bd3762490403f98175baea1340646c08') in 0.096924 seconds
Number of updated asset objects reloaded before import = 0
Number of asset objects unloaded after import = 2
========================================================================
Received Import Request.
  Time since last request: 2.478614 seconds.
  path: Assets/TextMesh Pro/Examples & Extras/Resources/Fonts & Materials/Roboto-Bold SDF - Surface.mat
  artifactKey: Guid(e6b276ec991f467aa14ef1f3cc665993) Importer(815301076,1909f56bfc062723c751e8b465ee728b)
Start importing Assets/TextMesh Pro/Examples & Extras/Resources/Fonts & Materials/Roboto-Bold SDF - Surface.mat using Guid(e6b276ec991f467aa14ef1f3cc665993) Importer(815301076,1909f56bfc062723c751e8b465ee728b)  -> (artifact id: '96a7a4c92942aaaf28b62ada3e622493') in 0.099779 seconds
Number of updated asset objects reloaded before import = 0
Number of asset objects unloaded after import = 2
========================================================================
Received Import Request.
  Time since last request: 1.349934 seconds.
  path: Assets/Pirates Island/_origin/Materials Textures/Rock1.mat
  artifactKey: Guid(c2abac908f797a74baab484695ff1605) Importer(815301076,1909f56bfc062723c751e8b465ee728b)
Start importing Assets/Pirates Island/_origin/Materials Textures/Rock1.mat using Guid(c2abac908f797a74baab484695ff1605) Importer(815301076,1909f56bfc062723c751e8b465ee728b)  -> (artifact id: '3dbe422d3ed2c87592a1970664fdc381') in 0.026973 seconds
Number of updated asset objects reloaded before import = 0
Number of asset objects unloaded after import = 5
========================================================================
Received Import Request.
  Time since last request: 0.306189 seconds.
  path: Assets/Pirates Island/_origin/Materials Textures/Rock3.mat
  artifactKey: Guid(3c433a949daf6e542b2a2073ca68d029) Importer(815301076,1909f56bfc062723c751e8b465ee728b)
Start importing Assets/Pirates Island/_origin/Materials Textures/Rock3.mat using Guid(3c433a949daf6e542b2a2073ca68d029) Importer(815301076,1909f56bfc062723c751e8b465ee728b)  -> (artifact id: '76c5426f869a1e45ba485831dff580a2') in 0.019822 seconds
Number of updated asset objects reloaded before import = 0
Number of asset objects unloaded after import = 5
========================================================================
Received Import Request.
  Time since last request: 0.034933 seconds.
  path: Assets/Pirates Island/_origin/Materials Textures/Rock5.mat
  artifactKey: Guid(838dddb691346df4c9edc664e95736dd) Importer(815301076,1909f56bfc062723c751e8b465ee728b)
Start importing Assets/Pirates Island/_origin/Materials Textures/Rock5.mat using Guid(838dddb691346df4c9edc664e95736dd) Importer(815301076,1909f56bfc062723c751e8b465ee728b)  -> (artifact id: '14e8d0d0c66adfe20d58b99430f8053d') in 0.020349 seconds
Number of updated asset objects reloaded before import = 0
Number of asset objects unloaded after import = 5
========================================================================
Received Import Request.
  Time since last request: 1.333739 seconds.
  path: Assets/Pirates Island/_origin/Materials Textures/RocksLOD.mat
  artifactKey: Guid(d21b10a1836884e4093df9f4b9acf494) Importer(815301076,1909f56bfc062723c751e8b465ee728b)
Start importing Assets/Pirates Island/_origin/Materials Textures/RocksLOD.mat using Guid(d21b10a1836884e4093df9f4b9acf494) Importer(815301076,1909f56bfc062723c751e8b465ee728b)  -> (artifact id: '5af06479be3c5eed21293e2b249b62b9') in 0.015325 seconds
Number of updated asset objects reloaded before import = 0
Number of asset objects unloaded after import = 3
========================================================================
Received Import Request.
  Time since last request: 0.038139 seconds.
  path: Assets/Pirates Island/_origin/Materials Textures/Roof1.mat
  artifactKey: Guid(c43a12b09d62a68488a327d940d4e829) Importer(815301076,1909f56bfc062723c751e8b465ee728b)
Start importing Assets/Pirates Island/_origin/Materials Textures/Roof1.mat using Guid(c43a12b09d62a68488a327d940d4e829) Importer(815301076,1909f56bfc062723c751e8b465ee728b)  -> (artifact id: '23f8c07736a77c1dbae9568950ea44b7') in 0.017155 seconds
Number of updated asset objects reloaded before import = 0
Number of asset objects unloaded after import = 3
========================================================================
Received Import Request.
  Time since last request: 0.286362 seconds.
  path: Assets/Pirates Island/_origin/Materials Textures/Roof_wood_1.mat
  artifactKey: Guid(91fd81bdae419624385aa0a7cd96d5de) Importer(815301076,1909f56bfc062723c751e8b465ee728b)
Start importing Assets/Pirates Island/_origin/Materials Textures/Roof_wood_1.mat using Guid(91fd81bdae419624385aa0a7cd96d5de) Importer(815301076,1909f56bfc062723c751e8b465ee728b)  -> (artifact id: '4a77e2d3dfddf48b5ed7a765a5e35b74') in 0.015178 seconds
Number of updated asset objects reloaded before import = 0
Number of asset objects unloaded after import = 3
========================================================================
Received Import Request.
  Time since last request: 0.041371 seconds.
  path: Assets/Pirates Island/Ship/Materials/S_floor_01.mat
  artifactKey: Guid(2b719f0ddee323544998cf80cc0bd49e) Importer(815301076,1909f56bfc062723c751e8b465ee728b)
Start importing Assets/Pirates Island/Ship/Materials/S_floor_01.mat using Guid(2b719f0ddee323544998cf80cc0bd49e) Importer(815301076,1909f56bfc062723c751e8b465ee728b)  -> (artifact id: '2069d26f26dd6c5dc1f1c88502715c57') in 0.014888 seconds
Number of updated asset objects reloaded before import = 0
Number of asset objects unloaded after import = 2
========================================================================
Received Import Request.
  Time since last request: 0.276063 seconds.
  path: Assets/Pirates Island/Ship/Materials/S_ropes_01.mat
  artifactKey: Guid(4f5c8d90a7ed44f4d9b7c29932e49707) Importer(815301076,1909f56bfc062723c751e8b465ee728b)
Start importing Assets/Pirates Island/Ship/Materials/S_ropes_01.mat using Guid(4f5c8d90a7ed44f4d9b7c29932e49707) Importer(815301076,1909f56bfc062723c751e8b465ee728b)  -> (artifact id: 'b07d931184ad6b100fd2419a8ce7e8cc') in 0.013133 seconds
Number of updated asset objects reloaded before import = 0
Number of asset objects unloaded after import = 2
========================================================================
Received Import Request.
  Time since last request: 0.336937 seconds.
  path: Assets/Pirates Island/Ship/Materials/S_sails_02.mat
  artifactKey: Guid(1b9b01c32a167c244a2305a7cd9df26e) Importer(815301076,1909f56bfc062723c751e8b465ee728b)
Start importing Assets/Pirates Island/Ship/Materials/S_sails_02.mat using Guid(1b9b01c32a167c244a2305a7cd9df26e) Importer(815301076,1909f56bfc062723c751e8b465ee728b)  -> (artifact id: '83cda2d5e5753b1b334250cf2d7ea5bc') in 0.014015 seconds
Number of updated asset objects reloaded before import = 0
Number of asset objects unloaded after import = 2
========================================================================
Received Import Request.
  Time since last request: 0.038227 seconds.
  path: Assets/Pirates Island/Ship/Materials/S_wood_02.mat
  artifactKey: Guid(f9ba68c9b2f25d84682d2bc75187977f) Importer(815301076,1909f56bfc062723c751e8b465ee728b)
Start importing Assets/Pirates Island/Ship/Materials/S_wood_02.mat using Guid(f9ba68c9b2f25d84682d2bc75187977f) Importer(815301076,1909f56bfc062723c751e8b465ee728b)  -> (artifact id: 'c3562141376567353273a259b3a1e1aa') in 0.015733 seconds
Number of updated asset objects reloaded before import = 0
Number of asset objects unloaded after import = 2
========================================================================
Received Import Request.
  Time since last request: 1.208713 seconds.
  path: Assets/Pirates Island/_origin/Materials Textures/Shells.mat
  artifactKey: Guid(b3db74d1076829845b281d6bebe544e9) Importer(815301076,1909f56bfc062723c751e8b465ee728b)
Start importing Assets/Pirates Island/_origin/Materials Textures/Shells.mat using Guid(b3db74d1076829845b281d6bebe544e9) Importer(815301076,1909f56bfc062723c751e8b465ee728b)  -> (artifact id: '54aa1d9180c01eaeb28fbe2209f04109') in 0.015191 seconds
Number of updated asset objects reloaded before import = 0
Number of asset objects unloaded after import = 3
========================================================================
Received Import Request.
  Time since last request: 3.905940 seconds.
  path: Assets/Pirates Island/_origin/Skybox/Skybox1/Skybox1.mat
  artifactKey: Guid(499d338d6a5bb6247825d85435f8b65c) Importer(815301076,1909f56bfc062723c751e8b465ee728b)
Start importing Assets/Pirates Island/_origin/Skybox/Skybox1/Skybox1.mat using Guid(499d338d6a5bb6247825d85435f8b65c) Importer(815301076,1909f56bfc062723c751e8b465ee728b)  -> (artifact id: 'a24afc83f9d65105e78e47d2058877d7') in 0.013495 seconds
Number of updated asset objects reloaded before import = 0
Number of asset objects unloaded after import = 3
========================================================================
Received Import Request.
  Time since last request: 0.363989 seconds.
  path: Assets/TextMesh Pro/Examples & Extras/Materials/Small Crate_diffuse.mat
  artifactKey: Guid(22262639920f43d6be32430e4e58350d) Importer(815301076,1909f56bfc062723c751e8b465ee728b)
Start importing Assets/TextMesh Pro/Examples & Extras/Materials/Small Crate_diffuse.mat using Guid(22262639920f43d6be32430e4e58350d) Importer(815301076,1909f56bfc062723c751e8b465ee728b)  -> (artifact id: '30f38c7b97fe9bd1cefc76f25f14b789') in 0.126545 seconds
Number of updated asset objects reloaded before import = 0
Number of asset objects unloaded after import = 3
========================================================================
Received Import Request.
  Time since last request: 0.651478 seconds.
  path: Assets/Pirates Island/_origin/Materials Textures/wall3.mat
  artifactKey: Guid(3cb7dc85bee458a469fadf662883d31d) Importer(815301076,1909f56bfc062723c751e8b465ee728b)
Start importing Assets/Pirates Island/_origin/Materials Textures/wall3.mat using Guid(3cb7dc85bee458a469fadf662883d31d) Importer(815301076,1909f56bfc062723c751e8b465ee728b)  -> (artifact id: 'd59f395a6a528afc2d638e96a2c60fd1') in 0.014904 seconds
Number of updated asset objects reloaded before import = 0
Number of asset objects unloaded after import = 3
========================================================================
Received Import Request.
  Time since last request: 0.051302 seconds.
  path: Assets/Pirates Island/Standard Assets/Water (Pro Only)/Sources/Objects/Materials/water plane-lambert1.mat
  artifactKey: Guid(358a87f082de94ddd810e929c00c8594) Importer(815301076,1909f56bfc062723c751e8b465ee728b)
Start importing Assets/Pirates Island/Standard Assets/Water (Pro Only)/Sources/Objects/Materials/water plane-lambert1.mat using Guid(358a87f082de94ddd810e929c00c8594) Importer(815301076,1909f56bfc062723c751e8b465ee728b)  -> (artifact id: '95b0bc6f670b06d7c02a11f2f897e32f') in 0.007008 seconds
Number of updated asset objects reloaded before import = 0
Number of asset objects unloaded after import = 1
========================================================================
Received Import Request.
  Time since last request: 0.444112 seconds.
  path: Assets/Pirates Island/Standard Assets/Water (Pro Only)/Water4/Sources/Materials/Water4Example_sunset.mat
  artifactKey: Guid(9613d5e50f71ec64e82d0d140f1dc297) Importer(815301076,1909f56bfc062723c751e8b465ee728b)
Start importing Assets/Pirates Island/Standard Assets/Water (Pro Only)/Water4/Sources/Materials/Water4Example_sunset.mat using Guid(9613d5e50f71ec64e82d0d140f1dc297) Importer(815301076,1909f56bfc062723c751e8b465ee728b)  -> (artifact id: '954b4abe0fd6dfbf67239a7a793962be') in 0.008643 seconds
Number of updated asset objects reloaded before import = 0
Number of asset objects unloaded after import = 6
========================================================================
Received Import Request.
  Time since last request: 0.616980 seconds.
  path: Assets/Scenes/waterSurface.mat
  artifactKey: Guid(685c799df7bc60741b34ccf9a457ea0c) Importer(815301076,1909f56bfc062723c751e8b465ee728b)
Start importing Assets/Scenes/waterSurface.mat using Guid(685c799df7bc60741b34ccf9a457ea0c) Importer(815301076,1909f56bfc062723c751e8b465ee728b)  -> (artifact id: 'dcdd45176827f8edd966b8b62582bdc5') in 0.013773 seconds
Number of updated asset objects reloaded before import = 0
Number of asset objects unloaded after import = 1
========================================================================
Received Import Request.
  Time since last request: 0.506467 seconds.
  path: Assets/Pirates Island/_origin/Materials Textures/wire_el1.mat
  artifactKey: Guid(8747ab624b4f7df469cde05b4eb50351) Importer(815301076,1909f56bfc062723c751e8b465ee728b)
Start importing Assets/Pirates Island/_origin/Materials Textures/wire_el1.mat using Guid(8747ab624b4f7df469cde05b4eb50351) Importer(815301076,1909f56bfc062723c751e8b465ee728b)  -> (artifact id: '6d41ebef84b2b58a6ecaa52d004aa07a') in 0.015680 seconds
Number of updated asset objects reloaded before import = 0
Number of asset objects unloaded after import = 3
========================================================================
Received Import Request.
  Time since last request: 0.322252 seconds.
  path: Assets/Pirates Island/_origin/Materials Textures/Wood2.mat
  artifactKey: Guid(0f5be6ef568e0804793a45937b937f5f) Importer(815301076,1909f56bfc062723c751e8b465ee728b)
Start importing Assets/Pirates Island/_origin/Materials Textures/Wood2.mat using Guid(0f5be6ef568e0804793a45937b937f5f) Importer(815301076,1909f56bfc062723c751e8b465ee728b)  -> (artifact id: 'c4fa4600bd417b456fa008441fc41a06') in 0.014714 seconds
Number of updated asset objects reloaded before import = 0
Number of asset objects unloaded after import = 3
========================================================================
Received Import Request.
  Time since last request: 0.831593 seconds.
  path: Assets/Pirates Island/_origin/Materials Textures/Wood3.mat
  artifactKey: Guid(5f11d2432a35a0c418b01000ae9cd3c8) Importer(815301076,1909f56bfc062723c751e8b465ee728b)
Start importing Assets/Pirates Island/_origin/Materials Textures/Wood3.mat using Guid(5f11d2432a35a0c418b01000ae9cd3c8) Importer(815301076,1909f56bfc062723c751e8b465ee728b)  -> (artifact id: '0450713742ca0d64e482eb8e000c98f5') in 0.014807 seconds
Number of updated asset objects reloaded before import = 0
Number of asset objects unloaded after import = 3
========================================================================
Received Import Request.
  Time since last request: 8.114913 seconds.
  path: Assets/Pirates Island/_origin/Materials Textures/Wood4.mat
  artifactKey: Guid(ee589a1b54b3c4c4d81dd4b393bbf17e) Importer(815301076,1909f56bfc062723c751e8b465ee728b)
Start importing Assets/Pirates Island/_origin/Materials Textures/Wood4.mat using Guid(ee589a1b54b3c4c4d81dd4b393bbf17e) Importer(815301076,1909f56bfc062723c751e8b465ee728b)  -> (artifact id: '2bbc8458533e6f5064a1283c2c1aecbd') in 0.014499 seconds
Number of updated asset objects reloaded before import = 0
Number of asset objects unloaded after import = 3
========================================================================
Received Import Request.
  Time since last request: 3.416575 seconds.
  path: Assets/Pirates Island/_origin/Materials Textures/Wood5B.mat
  artifactKey: Guid(64cc682ca23f60f47b96cb07cf1d00cd) Importer(815301076,1909f56bfc062723c751e8b465ee728b)
Start importing Assets/Pirates Island/_origin/Materials Textures/Wood5B.mat using Guid(64cc682ca23f60f47b96cb07cf1d00cd) Importer(815301076,1909f56bfc062723c751e8b465ee728b)  -> (artifact id: '8971a47e5b8ba8e5fa6194acb2e79007') in 0.015965 seconds
Number of updated asset objects reloaded before import = 0
Number of asset objects unloaded after import = 3
========================================================================
Received Prepare
Begin MonoManager ReloadAssembly
- Loaded All Assemblies, in  0.394 seconds
Refreshing native plugins compatible for Editor in 1.34 ms, found 3 plugins.
Native extension for WindowsStandalone target not found
Native extension for WebGL target not found
[Package Manager] Server::EnsureServerProcessIsRunning -- launch failed, reason: Unity was launched with the -noUpm command-line argument
[Package Manager] UpmClient::Send -- Unable to send message (not connected to UPM process).
[Package Manager] Cannot connect to Unity Package Manager local server
Mono: successfully reloaded assembly
- Finished resetting the current domain, in  0.812 seconds
Domain Reload Profiling: 1206ms
	BeginReloadAssembly (137ms)
		ExecutionOrderSort (0ms)
		DisableScriptedObjects (4ms)
		BackupInstance (0ms)
		ReleaseScriptingObjects (0ms)
		CreateAndSetChildDomain (37ms)
	RebuildCommonClasses (29ms)
	RebuildNativeTypeToScriptingClass (10ms)
	initialDomainReloadingComplete (21ms)
	LoadAllAssembliesAndSetupDomain (197ms)
		LoadAssemblies (257ms)
		RebuildTransferFunctionScriptingTraits (0ms)
		AnalyzeDomain (10ms)
			TypeCache.Refresh (5ms)
				TypeCache.ScanAssembly (0ms)
			ScanForSourceGeneratedMonoScriptInfo (0ms)
			ResolveRequiredComponents (4ms)
	FinalizeReload (812ms)
		ReleaseScriptCaches (0ms)
		RebuildScriptCaches (0ms)
		SetupLoadedEditorAssemblies (470ms)
			LogAssemblyErrors (0ms)
			InitializePlatformSupportModulesInManaged (5ms)
			SetLoadedEditorAssemblies (4ms)
			RefreshPlugins (0ms)
			BeforeProcessingInitializeOnLoad (49ms)
			ProcessInitializeOnLoadAttributes (394ms)
			ProcessInitializeOnLoadMethodAttributes (16ms)
			AfterProcessingInitializeOnLoad (2ms)
			EditorAssembliesLoaded (0ms)
		ExecutionOrderSort2 (0ms)
		AwakeInstancesAfterBackupRestoration (7ms)
Refreshing native plugins compatible for Editor in 1.95 ms, found 3 plugins.
Preloading 0 native plugins for Editor in 0.00 ms.
Unloading 3133 Unused Serialized files (Serialized files now loaded: 0)
Unloading 22 unused Assets / (30.5 KB). Loaded Objects now: 3786.
Memory consumption went from 222.9 MB to 222.9 MB.
Total: 5.259100 ms (FindLiveObjects: 0.759700 ms CreateObjectMapping: 0.399200 ms MarkObjects: 4.035600 ms  DeleteObjects: 0.062200 ms)

Prepare: number of updated asset objects reloaded= 0
AssetImportParameters requested are different than current active one (requested -> active):
  custom:container-demuxer-ogg: 62fdf1f143b41e24485cea50d1cbac27 -> 
  custom:video-codec-MediaFoundation-h265: 746d11721c4dcdbdad8f713fa42b33f4 -> 
  custom:video-decoder-ogg-theora: a1e56fd34408186e4bbccfd4996cb3dc -> 
  custom:framework-win-MediaFoundation: 216162199b28c13a410421893ffa2e32 -> 
  custom:CustomObjectIndexerAttribute: 756ad292c208cfabdd7b50bc23989ffe -> 
  custom:container-demuxer-webm: 4f35f7cbe854078d1ac9338744f61a02 -> 
  custom:container-muxer-webm: aa71ff27fc2769a1b78a27578f13a17b -> 
  custom:video-decoder-webm-vp8: 9c59270c3fd7afecdb556c50c9e8de78 -> 
  custom:SearchIndexIgnoredProperties: e643bd26f0fe6173181afceb89e7c659 -> 
  custom:AudioImporter_EditorPlatform: d09bf68614088b80899f8185d706f6e7 -> 
  custom:video-encoder-webm-vp8: eb34c28f22e8b96e1ab97ce403110664 -> 
  custom:audio-decoder-ogg-vorbis: bf7c407c2cedff20999df2af8eb42d56 -> 
  custom:audio-encoder-webm-vorbis: bf7c407c2cedff20999df2af8eb42d56 -> 
